<?xml version="1.0" encoding="UTF-8"?>
<!-- Generated by org.testng.reporters.JUnitReportReporter -->
<testsuite hostname="DESKTOP-U0D1RS7" failures="0" tests="5" name="AllureReport.AllureReportAPI" time="0.852" errors="0" timestamp="2023-06-10T13:14:10 IDT" skipped="0">
  <testcase classname="AllureReport.AllureReportAPI" name="pageLoadTest" time="0.020"/>
  <system-out/>
  <testcase classname="AllureReport.AllureReportAPI" name="testLogin" time="0.159"/>
  <system-out/>
  <testcase classname="AllureReport.AllureReportAPI" name="badDataRegistrationTest" time="0.603"/>
  <system-out/>
  <testcase classname="AllureReport.AllureReportAPI" name="testAddCommentToProductPage" time="0.056"/>
  <system-out/>
  <testcase classname="AllureReport.AllureReportAPI" name="testEdit" time="0.014"/>
  <system-out/>
</testsuite> <!-- AllureReport.AllureReportAPI -->
