<?xml version="1.0" encoding="UTF-8"?>
<!-- Generated by org.testng.reporters.JUnitReportReporter -->
<testsuite hostname="DESKTOP-U0D1RS7" failures="0" tests="1" name="AllureReport.AllureReportUITest" time="7.738" errors="0" timestamp="2023-06-10T13:14:10 IDT" skipped="0">
  <testcase classname="AllureReport.AllureReportUITest" name="uiTest" time="7.738"/>
  <system-out/>
</testsuite> <!-- AllureReport.AllureReportUITest -->
